<?xml version="1.0" encoding="UTF-8"?>
<!-- Generated by org.testng.reporters.JUnitXMLReporter -->
<testsuite hostname="LAPTOP-Q18VUQ5U" ignored="21" name="Default test" tests="1" failures="0" timestamp="14 Jun 2020 13:53:02 GMT" time="0.049" errors="0">
  <testcase name="test22" time="0.023" classname="org.com.automation.practise.Test4"/>
  <testcase name="test9" time="0.0" classname="org.com.automation.practise.Test4">
    <ignored/>
  </testcase> <!-- test9 -->
  <testcase name="test7" time="0.0" classname="org.com.automation.practise.Test4">
    <ignored/>
  </testcase> <!-- test7 -->
  <testcase name="test8" time="0.0" classname="org.com.automation.practise.Test4">
    <ignored/>
  </testcase> <!-- test8 -->
  <testcase name="test5" time="0.0" classname="org.com.automation.practise.Test4">
    <ignored/>
  </testcase> <!-- test5 -->
  <testcase name="test6" time="0.0" classname="org.com.automation.practise.Test4">
    <ignored/>
  </testcase> <!-- test6 -->
  <testcase name="test3" time="0.0" classname="org.com.automation.practise.Test4">
    <ignored/>
  </testcase> <!-- test3 -->
  <testcase name="test4" time="0.0" classname="org.com.automation.practise.Test4">
    <ignored/>
  </testcase> <!-- test4 -->
  <testcase name="test20" time="0.0" classname="org.com.automation.practise.Test4">
    <ignored/>
  </testcase> <!-- test20 -->
  <testcase name="test13" time="0.0" classname="org.com.automation.practise.Test4">
    <ignored/>
  </testcase> <!-- test13 -->
  <testcase name="test12" time="0.0" classname="org.com.automation.practise.Test4">
    <ignored/>
  </testcase> <!-- test12 -->
  <testcase name="test11" time="0.0" classname="org.com.automation.practise.Test4">
    <ignored/>
  </testcase> <!-- test11 -->
  <testcase name="test10" time="0.0" classname="org.com.automation.practise.Test4">
    <ignored/>
  </testcase> <!-- test10 -->
  <testcase name="test21" time="0.0" classname="org.com.automation.practise.Test4">
    <ignored/>
  </testcase> <!-- test21 -->
  <testcase name="test17" time="0.0" classname="org.com.automation.practise.Test4">
    <ignored/>
  </testcase> <!-- test17 -->
  <testcase name="test16" time="0.0" classname="org.com.automation.practise.Test4">
    <ignored/>
  </testcase> <!-- test16 -->
  <testcase name="test15" time="0.0" classname="org.com.automation.practise.Test4">
    <ignored/>
  </testcase> <!-- test15 -->
  <testcase name="test14" time="0.0" classname="org.com.automation.practise.Test4">
    <ignored/>
  </testcase> <!-- test14 -->
  <testcase name="test1" time="0.0" classname="org.com.automation.practise.Test4">
    <ignored/>
  </testcase> <!-- test1 -->
  <testcase name="test2" time="0.0" classname="org.com.automation.practise.Test4">
    <ignored/>
  </testcase> <!-- test2 -->
  <testcase name="test19" time="0.0" classname="org.com.automation.practise.Test4">
    <ignored/>
  </testcase> <!-- test19 -->
  <testcase name="test18" time="0.0" classname="org.com.automation.practise.Test4">
    <ignored/>
  </testcase> <!-- test18 -->
</testsuite> <!-- Default test -->
