<?xml version="1.0" encoding="UTF-8"?>
<!-- Generated by org.testng.reporters.JUnitXMLReporter -->
<testsuite hostname="comp-Lenovo-V110-15ISK" ignored="23" name="Test2" tests="1" failures="0" timestamp="2021-04-29T15:39:18 IST" time="0.01" errors="0">
  <testcase name="test43" time="0.006" classname="interviewCodes.InterviewCodes"/>
  <testcase name="test15" time="0.0" classname="interviewCodes.PatternPrograms">
    <ignored/>
  </testcase> <!-- test15 -->
  <testcase name="test13" time="0.0" classname="interviewCodes.PatternPrograms">
    <ignored/>
  </testcase> <!-- test13 -->
  <testcase name="test16" time="0.0" classname="interviewCodes.PatternPrograms">
    <ignored/>
  </testcase> <!-- test16 -->
  <testcase name="test11" time="0.0" classname="interviewCodes.PatternPrograms">
    <ignored/>
  </testcase> <!-- test11 -->
  <testcase name="test14" time="0.0" classname="interviewCodes.PatternPrograms">
    <ignored/>
  </testcase> <!-- test14 -->
  <testcase name="test20" time="0.0" classname="interviewCodes.PatternPrograms">
    <ignored/>
  </testcase> <!-- test20 -->
  <testcase name="test12" time="0.0" classname="interviewCodes.PatternPrograms">
    <ignored/>
  </testcase> <!-- test12 -->
  <testcase name="test10" time="0.0" classname="interviewCodes.PatternPrograms">
    <ignored/>
  </testcase> <!-- test10 -->
  <testcase name="test21" time="0.0" classname="interviewCodes.PatternPrograms">
    <ignored/>
  </testcase> <!-- test21 -->
  <testcase name="test19" time="0.0" classname="interviewCodes.PatternPrograms">
    <ignored/>
  </testcase> <!-- test19 -->
  <testcase name="test1" time="0.0" classname="interviewCodes.PatternPrograms">
    <ignored/>
  </testcase> <!-- test1 -->
  <testcase name="test17" time="0.0" classname="interviewCodes.PatternPrograms">
    <ignored/>
  </testcase> <!-- test17 -->
  <testcase name="test7" time="0.0" classname="interviewCodes.PatternPrograms">
    <ignored/>
  </testcase> <!-- test7 -->
  <testcase name="test18" time="0.0" classname="interviewCodes.PatternPrograms">
    <ignored/>
  </testcase> <!-- test18 -->
  <testcase name="test4" time="0.0" classname="interviewCodes.PatternPrograms">
    <ignored/>
  </testcase> <!-- test4 -->
  <testcase name="test5" time="0.0" classname="interviewCodes.PatternPrograms">
    <ignored/>
  </testcase> <!-- test5 -->
  <testcase name="test99" time="0.0" classname="interviewCodes.InterviewCodes">
    <ignored/>
  </testcase> <!-- test99 -->
  <testcase name="test2" time="0.0" classname="interviewCodes.PatternPrograms">
    <ignored/>
  </testcase> <!-- test2 -->
  <testcase name="test8" time="0.0" classname="interviewCodes.PatternPrograms">
    <ignored/>
  </testcase> <!-- test8 -->
  <testcase name="test9" time="0.0" classname="interviewCodes.PatternPrograms">
    <ignored/>
  </testcase> <!-- test9 -->
  <testcase name="test6" time="0.0" classname="interviewCodes.PatternPrograms">
    <ignored/>
  </testcase> <!-- test6 -->
  <testcase name="test101" time="0.0" classname="interviewCodes.PatternPrograms">
    <ignored/>
  </testcase> <!-- test101 -->
  <testcase name="test3" time="0.0" classname="interviewCodes.PatternPrograms">
    <ignored/>
  </testcase> <!-- test3 -->
</testsuite> <!-- Test2 -->
