<?xml version="1.0" encoding="UTF-8"?>
<testng-results skipped="0" failed="0" ignored="0" total="1" passed="1">
  <reporter-output>
  </reporter-output>
  <suite name="Default suite" duration-ms="80" started-at="2021-02-05T17:16:14 IST" finished-at="2021-02-05T17:16:14 IST">
    <groups>
    </groups>
    <test name="Default test" duration-ms="80" started-at="2021-02-05T17:16:14 IST" finished-at="2021-02-05T17:16:14 IST">
      <class name="interviewCodes.InterviewCodes">
        <test-method status="PASS" signature="test37()[pri:0, instance:interviewCodes.InterviewCodes@d6da883]" name="test37" duration-ms="13" started-at="2021-02-05T17:16:14 IST" finished-at="2021-02-05T17:16:14 IST">
          <reporter-output>
          </reporter-output>
        </test-method> <!-- test37 -->
      </class> <!-- interviewCodes.InterviewCodes -->
    </test> <!-- Default test -->
  </suite> <!-- Default suite -->
</testng-results>
