<?xml version="1.0" encoding="UTF-8"?>
<!-- Generated by org.testng.reporters.JUnitXMLReporter -->
<testsuite hostname="comp-Lenovo-V110-15ISK" ignored="4" name="chrome test" tests="1" failures="0" timestamp="2021-01-17T19:26:37 IST" time="0.056" errors="0">
  <testcase name="test36" time="0.014" classname="interviewCodes.InterviewCodes"/>
  <testcase name="test2" time="0.0" classname="interviewCodes.InterviewCodes">
    <ignored/>
  </testcase> <!-- test2 -->
  <testcase name="test4" time="0.0" classname="interviewCodes.InterviewCodes">
    <ignored/>
  </testcase> <!-- test4 -->
  <testcase name="test1" time="0.0" classname="interviewCodes.InterviewCodes">
    <ignored/>
  </testcase> <!-- test1 -->
  <testcase name="test3" time="0.0" classname="interviewCodes.InterviewCodes">
    <ignored/>
  </testcase> <!-- test3 -->
</testsuite> <!-- chrome test -->
