<?xml version="1.0" encoding="UTF-8"?>
<!-- Generated by org.testng.reporters.JUnitXMLReporter -->
<testsuite hostname="LAPTOP-Q18VUQ5U" ignored="31" name="firefox test" tests="1" failures="0" timestamp="02 Jan 2020 11:22:55 GMT" time="76.185" errors="0">
  <testcase name="test1" time="8.488" classname="org.com.automation.practise.Test2"/>
  <testcase name="test31" time="0.0" classname="org.com.automation.practise.AllNewLogics">
    <ignored/>
  </testcase> <!-- test31 -->
  <testcase name="test19" time="0.0" classname="org.com.automation.practise.AllNewLogics">
    <ignored/>
  </testcase> <!-- test19 -->
  <testcase name="test18" time="0.0" classname="org.com.automation.practise.AllNewLogics">
    <ignored/>
  </testcase> <!-- test18 -->
  <testcase name="test15" time="0.0" classname="org.com.automation.practise.AllNewLogics">
    <ignored/>
  </testcase> <!-- test15 -->
  <testcase name="test14" time="0.0" classname="org.com.automation.practise.AllNewLogics">
    <ignored/>
  </testcase> <!-- test14 -->
  <testcase name="test16" time="0.0" classname="org.com.automation.practise.AllNewLogics">
    <ignored/>
  </testcase> <!-- test16 -->
  <testcase name="test11" time="0.0" classname="org.com.automation.practise.AllNewLogics">
    <ignored/>
  </testcase> <!-- test11 -->
  <testcase name="test10" time="0.0" classname="org.com.automation.practise.AllNewLogics">
    <ignored/>
  </testcase> <!-- test10 -->
  <testcase name="test13" time="0.0" classname="org.com.automation.practise.AllNewLogics">
    <ignored/>
  </testcase> <!-- test13 -->
  <testcase name="test12" time="0.0" classname="org.com.automation.practise.AllNewLogics">
    <ignored/>
  </testcase> <!-- test12 -->
  <testcase name="test30" time="0.0" classname="org.com.automation.practise.AllNewLogics">
    <ignored/>
  </testcase> <!-- test30 -->
  <testcase name="getDate" time="0.0" classname="org.com.automation.practise.AllNewLogics">
    <ignored/>
  </testcase> <!-- getDate -->
  <testcase name="test17" time="0.0" classname="org.com.automation.practise.AllNewLogics">
    <ignored/>
  </testcase> <!-- test17 -->
  <testcase name="test20" time="0.0" classname="org.com.automation.practise.AllNewLogics">
    <ignored/>
  </testcase> <!-- test20 -->
  <testcase name="test29" time="0.0" classname="org.com.automation.practise.AllNewLogics">
    <ignored/>
  </testcase> <!-- test29 -->
  <testcase name="test26" time="0.0" classname="org.com.automation.practise.AllNewLogics">
    <ignored/>
  </testcase> <!-- test26 -->
  <testcase name="test25" time="0.0" classname="org.com.automation.practise.AllNewLogics">
    <ignored/>
  </testcase> <!-- test25 -->
  <testcase name="test27" time="0.0" classname="org.com.automation.practise.AllNewLogics">
    <ignored/>
  </testcase> <!-- test27 -->
  <testcase name="test22" time="0.0" classname="org.com.automation.practise.AllNewLogics">
    <ignored/>
  </testcase> <!-- test22 -->
  <testcase name="test21" time="0.0" classname="org.com.automation.practise.AllNewLogics">
    <ignored/>
  </testcase> <!-- test21 -->
  <testcase name="test23" time="0.0" classname="org.com.automation.practise.AllNewLogics">
    <ignored/>
  </testcase> <!-- test23 -->
  <testcase name="make_get_request" time="0.0" classname="org.com.automation.practise.AllNewLogics">
    <ignored/>
  </testcase> <!-- make_get_request -->
  <testcase name="test2" time="0.0" classname="org.com.automation.practise.AllNewLogics">
    <ignored/>
  </testcase> <!-- test2 -->
  <testcase name="test3" time="0.0" classname="org.com.automation.practise.AllNewLogics">
    <ignored/>
  </testcase> <!-- test3 -->
  <testcase name="test4" time="0.0" classname="org.com.automation.practise.AllNewLogics">
    <ignored/>
  </testcase> <!-- test4 -->
  <testcase name="test28" time="0.0" classname="org.com.automation.practise.AllNewLogics">
    <ignored/>
  </testcase> <!-- test28 -->
  <testcase name="test5" time="0.0" classname="org.com.automation.practise.AllNewLogics">
    <ignored/>
  </testcase> <!-- test5 -->
  <testcase name="test6" time="0.0" classname="org.com.automation.practise.AllNewLogics">
    <ignored/>
  </testcase> <!-- test6 -->
  <testcase name="test7" time="0.0" classname="org.com.automation.practise.AllNewLogics">
    <ignored/>
  </testcase> <!-- test7 -->
  <testcase name="test8" time="0.0" classname="org.com.automation.practise.AllNewLogics">
    <ignored/>
  </testcase> <!-- test8 -->
  <testcase name="test9" time="0.0" classname="org.com.automation.practise.AllNewLogics">
    <ignored/>
  </testcase> <!-- test9 -->
</testsuite> <!-- firefox test -->
